trickyTripper/proguard/seeds.txt
de.koelle.christian.trickytripper.R$array: int currencies
de.koelle.christian.trickytripper.R$attr: int actionBarDivider
de.koelle.christian.trickytripper.R$attr: int actionBarItemBackground
de.koelle.christian.trickytripper.R$attr: int actionBarSize
de.koelle.christian.trickytripper.R$attr: int actionBarSplitStyle
de.koelle.christian.trickytripper.R$attr: int actionBarStyle
de.koelle.christian.trickytripper.R$attr: int actionBarTabBarStyle
de.koelle.christian.trickytripper.R$attr: int actionBarTabStyle
de.koelle.christian.trickytripper.R$attr: int actionBarTabTextStyle
de.koelle.christian.trickytripper.R$attr: int actionBarWidgetTheme
de.koelle.christian.trickytripper.R$attr: int actionButtonStyle
de.koelle.christian.trickytripper.R$attr: int actionDropDownStyle
de.koelle.christian.trickytripper.R$attr: int actionMenuTextAppearance
de.koelle.christian.trickytripper.R$attr: int actionMenuTextColor
de.koelle.christian.trickytripper.R$attr: int actionModeBackground
de.koelle.christian.trickytripper.R$attr: int actionModeCloseButtonStyle
de.koelle.christian.trickytripper.R$attr: int actionModeCloseDrawable
de.koelle.christian.trickytripper.R$attr: int actionModePopupWindowStyle
de.koelle.christian.trickytripper.R$attr: int actionModeShareDrawable
de.koelle.christian.trickytripper.R$attr: int actionModeSplitBackground
de.koelle.christian.trickytripper.R$attr: int actionModeStyle
de.koelle.christian.trickytripper.R$attr: int actionOverflowButtonStyle
de.koelle.christian.trickytripper.R$attr: int actionSpinnerItemStyle
de.koelle.christian.trickytripper.R$bool: int abs__action_bar_embed_tabs
de.koelle.christian.trickytripper.R$bool: int abs__action_bar_expanded_action_views_exclusive
de.koelle.christian.trickytripper.R$bool: int abs__config_actionMenuItemAllCaps
de.koelle.christian.trickytripper.R$bool: int abs__config_allowActionMenuItemTextWithIcon
de.koelle.christian.trickytripper.R$bool: int abs__config_showMenuShortcutsWhenKeyboardPresent
de.koelle.christian.trickytripper.R$bool: int abs__split_action_bar_is_narrow
de.koelle.christian.trickytripper.R$color: int abs__background_holo_dark
de.koelle.christian.trickytripper.R$color: int abs__background_holo_light
de.koelle.christian.trickytripper.R$color: int abs__bright_foreground_disabled_holo_dark
de.koelle.christian.trickytripper.R$color: int abs__bright_foreground_disabled_holo_light
de.koelle.christian.trickytripper.R$color: int abs__bright_foreground_holo_dark
de.koelle.christian.trickytripper.R$color: int abs__bright_foreground_holo_light
de.koelle.christian.trickytripper.R$color: int abs__bright_foreground_inverse_holo_dark
de.koelle.christian.trickytripper.R$color: int abs__bright_foreground_inverse_holo_light
de.koelle.christian.trickytripper.R$color: int abs__holo_blue_light
de.koelle.christian.trickytripper.R$color: int abs__primary_text_disable_only_holo_dark
de.koelle.christian.trickytripper.R$color: int abs__primary_text_disable_only_holo_light
de.koelle.christian.trickytripper.R$color: int abs__primary_text_holo_dark
de.koelle.christian.trickytripper.R$color: int abs__primary_text_holo_light
de.koelle.christian.trickytripper.R$color: int black
de.koelle.christian.trickytripper.R$color: int even_darker_grey
de.koelle.christian.trickytripper.R$color: int green
de.koelle.christian.trickytripper.R$color: int red
de.koelle.christian.trickytripper.R$color: int white
...
android.support.v4.app.ListFragment
android.support.v4.app.ListFragment: int INTERNAL_EMPTY_ID
android.support.v4.app.ListFragment: int INTERNAL_PROGRESS_CONTAINER_ID
android.support.v4.app.ListFragment: int INTERNAL_LIST_CONTAINER_ID
android.support.v4.app.ListFragment: android.os.Handler mHandler
android.support.v4.app.ListFragment: java.lang.Runnable mRequestFocus
android.support.v4.app.ListFragment: android.widget.AdapterView$OnItemClickListener mOnClickListener
android.support.v4.app.ListFragment: android.widget.ListAdapter mAdapter
android.support.v4.app.ListFragment: android.widget.ListView mList
android.support.v4.app.ListFragment: android.view.View mEmptyView
android.support.v4.app.ListFragment: android.widget.TextView mStandardEmptyView
android.support.v4.app.ListFragment: android.view.View mProgressContainer
android.support.v4.app.ListFragment: android.view.View mListContainer
android.support.v4.app.ListFragment: java.lang.CharSequence mEmptyText
android.support.v4.app.ListFragment: boolean mListShown
android.support.v4.app.ListFragment: ListFragment()
android.support.v4.app.ListFragment: android.view.View onCreateView(android.view.LayoutInflater,android.view.ViewGroup,android.os.Bundle)
android.support.v4.app.ListFragment: void onViewCreated(android.view.View,android.os.Bundle)
android.support.v4.app.ListFragment: void onDestroyView()
android.support.v4.app.ListFragment: void onListItemClick(android.widget.ListView,android.view.View,int,long)
android.support.v4.app.ListFragment$1
android.support.v4.app.ListFragment$1: android.support.v4.app.ListFragment this$0
android.support.v4.app.ListFragment$1: ListFragment$1(android.support.v4.app.ListFragment)
android.support.v4.app.ListFragment$1: void run()
android.support.v4.app.ListFragment$2
android.support.v4.app.ListFragment$2: android.support.v4.app.ListFragment this$0
android.support.v4.app.ListFragment$2: ListFragment$2(android.support.v4.app.ListFragment)
android.support.v4.app.ListFragment$2: void onItemClick(android.widget.AdapterView,android.view.View,int,long)
android.support.v4.app.LoaderManager
android.support.v4.app.LoaderManager: LoaderManager()
android.support.v4.app.LoaderManager: android.support.v4.content.Loader initLoader(int,android.os.Bundle,android.support.v4.app.LoaderManager$LoaderCallbacks)
android.support.v4.app.LoaderManager: android.support.v4.content.Loader restartLoader(int,android.os.Bundle,android.support.v4.app.LoaderManager$LoaderCallbacks)
android.support.v4.app.LoaderManager: void destroyLoader(int)
android.support.v4.app.LoaderManager: android.support.v4.content.Loader getLoader(int)
android.support.v4.app.LoaderManager: void dump(java.lang.String,java.io.FileDescriptor,java.io.PrintWriter,java.lang.String[])
android.support.v4.app.LoaderManager: void enableDebugLogging(boolean)
android.support.v4.app.LoaderManager: boolean hasRunningLoaders()
android.support.v4.app.LoaderManager$LoaderCallbacks
android.support.v4.app.LoaderManager$LoaderCallbacks: android.support.v4.content.Loader onCreateLoader(int,android.os.Bundle)
android.support.v4.app.LoaderManager$LoaderCallbacks: void onLoadFinished(android.support.v4.content.Loader,java.lang.Object)
android.support.v4.app.LoaderManager$LoaderCallbacks: void onLoaderReset(android.support.v4.content.Loader)