trickyTripper/proguard/mapping.txt
de.koelle.christian.trickytripper.TrickyTripperActivity -> de.koelle.christian.trickytripper.TrickyTripperActivity:
    void onResume() -> onResume
    void onCreate(android.os.Bundle) -> onCreate
    android.app.Dialog onCreateDialog(int,android.os.Bundle) -> onCreateDialog
    void onPrepareDialog(int,android.app.Dialog,android.os.Bundle) -> onPrepareDialog
    de.koelle.christian.trickytripper.activitysupport.PopupCallback createPopupCallBackParticipantUpdate() -> a
    de.koelle.christian.trickytripper.activitysupport.PopupCallback createPopupCallPaymentDelete(de.koelle.christian.trickytripper.model.Payment) -> a
    void updateCreateOrEditParticipantDialog(android.app.Dialog,android.os.Bundle,de.koelle.christian.trickytripper.activitysupport.PopupCallback) -> a
    void updateCreateOrEditPaymentDeleteDialog(android.app.Dialog,android.os.Bundle,boolean,de.koelle.christian.trickytripper.activitysupport.PopupCallback) -> a
    void openManageTrips(android.view.View) -> openManageTrips
    void switchTab(de.koelle.christian.trickytripper.constants.Rt) -> a
    void updateButtonText() -> b
    de.koelle.christian.trickytripper.TrickyTripperApp access$0(de.koelle.christian.trickytripper.TrickyTripperActivity) -> a
de.koelle.christian.trickytripper.TrickyTripperActivity$1 -> de.koelle.christian.trickytripper.a:
    de.koelle.christian.trickytripper.TrickyTripperActivity this$0 -> a
    de.koelle.christian.trickytripper.activities.ParticipantTabActivity val$participantActivity -> b
    void done() -> done
de.koelle.christian.trickytripper.TrickyTripperActivity$2 -> de.koelle.christian.trickytripper.b:
    de.koelle.christian.trickytripper.TrickyTripperActivity this$0 -> a
    de.koelle.christian.trickytripper.model.Payment val$payment -> b
    de.koelle.christian.trickytripper.activities.PaymentTabActivity val$paymentTabActivity -> c
    void done() -> done
de.koelle.christian.trickytripper.TrickyTripperActivity$3 -> de.koelle.christian.trickytripper.c:
    de.koelle.christian.trickytripper.TrickyTripperActivity this$0 -> a
    android.widget.AutoCompleteTextView val$autoCompleteTextView -> b
    de.koelle.christian.trickytripper.model.Participant val$participant -> c
    android.app.Dialog val$dialog -> d
    de.koelle.christian.trickytripper.activitysupport.PopupCallback val$popupCallback -> e
    void onClick(android.view.View) -> onClick
de.koelle.christian.trickytripper.TrickyTripperActivity$4 -> de.koelle.christian.trickytripper.d:
    de.koelle.christian.trickytripper.TrickyTripperActivity this$0 -> a
    android.app.Dialog val$dialog -> b
    de.koelle.christian.trickytripper.activitysupport.PopupCallback val$popupCallback -> c
    void onClick(android.view.View) -> onClick
de.koelle.christian.trickytripper.TrickyTripperActivity$5 -> de.koelle.christian.trickytripper.e:
    de.koelle.christian.trickytripper.TrickyTripperActivity this$0 -> a
    android.app.Dialog val$dialog -> b
    de.koelle.christian.trickytripper.activitysupport.PopupCallback val$callback -> c
    void onClick(android.view.View) -> onClick
de.koelle.christian.trickytripper.TrickyTripperActivity$6 -> de.koelle.christian.trickytripper.f:
    de.koelle.christian.trickytripper.TrickyTripperActivity this$0 -> a
    de.koelle.christian.trickytripper.activitysupport.PopupCallback val$callback -> b
    void onClick(android.view.View) -> onClick
de.koelle.christian.trickytripper.TrickyTripperActivity$7 -> de.koelle.christian.trickytripper.g:
    de.koelle.christian.trickytripper.TrickyTripperActivity this$0 -> a
    boolean onLongClick(android.view.View) -> onLongClick
...
com.actionbarsherlock.internal.nineoldandroids.animation.ValueAnimator$5 -> com.actionbarsherlock.internal.nineoldandroids.animation.ValueAnimator$5:
    java.util.ArrayList initialValue() -> initialValue
    java.lang.Object initialValue() -> initialValue
com.actionbarsherlock.internal.nineoldandroids.animation.ValueAnimator$AnimationHandler -> com.actionbarsherlock.internal.nineoldandroids.animation.ValueAnimator$AnimationHandler:
    void handleMessage(android.os.Message) -> handleMessage
com.actionbarsherlock.internal.nineoldandroids.animation.ValueAnimator$AnimatorUpdateListener -> com.actionbarsherlock.internal.nineoldandroids.animation.ValueAnimator$AnimatorUpdateListener:
    void onAnimationUpdate(com.actionbarsherlock.internal.nineoldandroids.animation.ValueAnimator) -> onAnimationUpdate
com.actionbarsherlock.internal.nineoldandroids.view.NineViewGroup -> com.actionbarsherlock.internal.nineoldandroids.view.NineViewGroup:
    com.actionbarsherlock.internal.nineoldandroids.view.animation.AnimatorProxy mProxy -> mProxy
    void setVisibility(int) -> setVisibility
    float getAlpha() -> getAlpha
    void setAlpha(float) -> setAlpha
    float getTranslationX() -> getTranslationX
    void setTranslationX(float) -> setTranslationX
    float getTranslationY() -> getTranslationY
    void setTranslationY(float) -> setTranslationY
com.actionbarsherlock.internal.nineoldandroids.view.animation.AnimatorProxy -> com.actionbarsherlock.internal.nineoldandroids.view.animation.AnimatorProxy:
    boolean NEEDS_PROXY -> NEEDS_PROXY
    java.util.WeakHashMap PROXIES -> PROXIES
    java.lang.ref.WeakReference mView -> mView
    float mAlpha -> mAlpha
    float mScaleX -> mScaleX
    float mScaleY -> mScaleY
    float mTranslationX -> mTranslationX
    float mTranslationY -> mTranslationY
    android.graphics.RectF mBefore -> mBefore
    android.graphics.RectF mAfter -> mAfter
    android.graphics.Matrix mTempMatrix -> mTempMatrix
    com.actionbarsherlock.internal.nineoldandroids.view.animation.AnimatorProxy wrap(android.view.View) -> wrap
    float getAlpha() -> getAlpha
    void setAlpha(float) -> setAlpha
    float getScaleX() -> getScaleX
    void setScaleX(float) -> setScaleX
    float getScaleY() -> getScaleY
    void setScaleY(float) -> setScaleY
    int getScrollX() -> getScrollX
    void setScrollX(int) -> setScrollX
    int getScrollY() -> getScrollY
    void setScrollY(int) -> setScrollY
    float getTranslationX() -> getTranslationX
    void setTranslationX(float) -> setTranslationX
    float getTranslationY() -> getTranslationY
    void setTranslationY(float) -> setTranslationY
    void prepareForUpdate() -> prepareForUpdate
    void invalidateAfterUpdate() -> invalidateAfterUpdate
    void computeRect(android.graphics.RectF,android.view.View) -> computeRect
com.actionbarsherlock.internal.nineoldandroids.widget.NineFrameLayout -> com.actionbarsherlock.internal.nineoldandroids.widget.NineFrameLayout:
    com.actionbarsherlock.internal.nineoldandroids.view.animation.AnimatorProxy mProxy -> mProxy
    void setVisibility(int) -> setVisibility
    float getAlpha() -> getAlpha
    void setAlpha(float) -> setAlpha
    float getTranslationY() -> getTranslationY
    void setTranslationY(float) -> setTranslationY
com.actionbarsherlock.internal.nineoldandroids.widget.NineHorizontalScrollView -> com.actionbarsherlock.internal.nineoldandroids.widget.NineHorizontalScrollView:
    com.actionbarsherlock.internal.nineoldandroids.view.animation.AnimatorProxy mProxy -> mProxy
    void setVisibility(int) -> setVisibility
    float getAlpha() -> getAlpha
    void setAlpha(float) -> setAlpha