trickyTripper/proguard/usage.txt
de.koelle.christian.trickytripper.BuildConfig
de.koelle.christian.trickytripper.R
de.koelle.christian.trickytripper.R$array
de.koelle.christian.trickytripper.R$attr
de.koelle.christian.trickytripper.R$bool
de.koelle.christian.trickytripper.R$color
de.koelle.christian.trickytripper.R$dimen
de.koelle.christian.trickytripper.R$drawable
de.koelle.christian.trickytripper.R$id
de.koelle.christian.trickytripper.R$integer
de.koelle.christian.trickytripper.R$layout
de.koelle.christian.trickytripper.R$raw
de.koelle.christian.trickytripper.R$string
de.koelle.christian.trickytripper.R$style
de.koelle.christian.trickytripper.R$styleable
de.koelle.christian.trickytripper.TrickyTripperActivity:
    private static final java.lang.String DELIMITER
de.koelle.christian.trickytripper.activities.DeleteExchangeRatesActivity:
    private static final java.lang.String DIALOG_PARAM_EXCHANGE_RATES
de.koelle.christian.trickytripper.activities.DirectoryPickerActivity:
    public static final java.lang.String EXTRA_START_DIR
    public static final java.lang.String EXTRA_ONLY_DIRS
    public static final java.lang.String EXTRA_SHOW_HIDDEN
    public static final java.lang.String EXTRA_TITLE
    public static final java.lang.String EXTRA_CHOOSE_TXT_PREFIX
    public static final java.lang.String EXTRA_RESULT_CHOSEN_DIRECTORY
    public static final int REQUEST_CODE
de.koelle.christian.trickytripper.activities.ManageExchangeRatesActivity:
    private static final java.lang.String DIALOG_PARAM_EXCHANGE_RATE
    private static final int CTX_MENU_GROUP_ID_EDIT
    private static final int CTX_MENU_ID_EDIT
    private static final int CTX_MENU_ID_DELETE
de.koelle.christian.trickytripper.activities.ManageTripsActivity:
    private static final int MENU_GROUP_STD
    private static final int MENU_GROUP_DELETE
    private static final java.lang.String DIALOG_PARAM_TRIP_SUMMARY
    private static final java.lang.String DIALOG_PARAM_IS_NEW
    private static final java.lang.String DIALOG_PARAM_HAS_TRIP_PAYMENTS
de.koelle.christian.trickytripper.activities.ParticipantTabActivity:
    private static final int MENU_GROUP_P_STD
    private static final int MENU_GROUP_P_ACTIVE_REQ
    private static final int MENU_GROUP_P_DELETE_ABLE_REQ
    private static final int MENU_GROUP_P_AT_LEAST_ONE
de.koelle.christian.trickytripper.activities.PaymentEditActivity:
    private static final int DIALOG_SELECT_PAYERS
    private static final int DIALOG_SELECT_DEBITORS
    private static final java.lang.String DIALOG_PARAM_PARTICIPANTS_IN_USE
    private static final java.lang.String DIALOG_PARAM_TOTAL_PAYMENT_AMOUNT
    private static final java.lang.String DIALOG_PARAM_IS_PAYMENT
de.koelle.christian.trickytripper.activities.PaymentTabActivity:
    164:165:protected void deletePayment(de.koelle.christian.trickytripper.model.Payment)
de.koelle.christian.trickytripper.activities.ReportTabActivity:
    private static final int PADDING
de.koelle.christian.trickytripper.activities.SaveToSdCardActivity:
    private static final java.lang.String MSG_SPACE
de.koelle.christian.trickytripper.activitysupport.ButtonSupport:
    9:9:public ButtonSupport()
de.koelle.christian.trickytripper.activitysupport.CurrencyCalculatorResultSupport:
    16:16:public CurrencyCalculatorResultSupport()
de.koelle.christian.trickytripper.activitysupport.CurrencySelectionResultSupport:
    10:10:public CurrencySelectionResultSupport()
de.koelle.christian.trickytripper.activitysupport.CurrencyViewSupport:
    12:12:public CurrencyViewSupport()
de.koelle.christian.trickytripper.activitysupport.ExchangeRateImportExecutor
de.koelle.christian.trickytripper.activitysupport.ExchangeRateImportExecutor$1
de.koelle.christian.trickytripper.activitysupport.ExchangeRateImportExecutor$2
de.koelle.christian.trickytripper.activitysupport.MathUtils:
    13:13:public MathUtils()
...
android.support.v4.accessibilityservice.AccessibilityServiceInfoCompat
android.support.v4.accessibilityservice.AccessibilityServiceInfoCompat$AccessibilityServiceInfoIcsImpl
android.support.v4.accessibilityservice.AccessibilityServiceInfoCompat$AccessibilityServiceInfoStubImpl
android.support.v4.accessibilityservice.AccessibilityServiceInfoCompat$AccessibilityServiceInfoVersionImpl
android.support.v4.accessibilityservice.AccessibilityServiceInfoCompatIcs
android.support.v4.content.AsyncTaskLoader
android.support.v4.content.AsyncTaskLoader$LoadTask
android.support.v4.content.CursorLoader
android.support.v4.content.IntentCompat
android.support.v4.content.Loader:
    android.content.Context mContext
    90:92:public Loader(android.content.Context)
    102:105:public void deliverResult(java.lang.Object)
    111:111:public android.content.Context getContext()
    118:118:public int getId()
    157:157:public boolean isStarted()
    166:166:public boolean isAbandoned()
    175:175:public boolean isReset()
    217:218:public void forceLoad()
    225:225:protected void onForceLoad()
    312:314:public boolean takeContentChanged()
    326:334:public void onContentChanged()
android.support.v4.content.Loader$ForceLoadContentObserver
android.support.v4.content.Loader$OnLoadCompleteListener:
    public abstract void onLoadComplete(android.support.v4.content.Loader,java.lang.Object)
android.support.v4.content.LocalBroadcastManager
android.support.v4.content.LocalBroadcastManager$1
android.support.v4.content.LocalBroadcastManager$BroadcastRecord
android.support.v4.content.LocalBroadcastManager$ReceiverRecord
android.support.v4.content.ModernAsyncTask
android.support.v4.content.ModernAsyncTask$1
android.support.v4.content.ModernAsyncTask$2
android.support.v4.content.ModernAsyncTask$3
android.support.v4.content.ModernAsyncTask$4
android.support.v4.content.ModernAsyncTask$AsyncTaskResult
android.support.v4.content.ModernAsyncTask$InternalHandler
android.support.v4.content.ModernAsyncTask$Status
android.support.v4.content.ModernAsyncTask$WorkerRunnable
android.support.v4.content.pm.ActivityInfoCompat
android.support.v4.database.DatabaseUtilsCompat
android.support.v4.os.ParcelableCompat:
    26:42:public ParcelableCompat()
android.support.v4.os.ParcelableCompatCreatorHoneycombMR2Stub:
    22:22:ParcelableCompatCreatorHoneycombMR2Stub()
android.support.v4.util.DebugUtils:
    25:25:public DebugUtils()
android.support.v4.util.LruCache
android.support.v4.util.TimeUtils
android.support.v4.view.AccessibilityDelegateCompat
android.support.v4.view.AccessibilityDelegateCompat$AccessibilityDelegateIcsImpl
android.support.v4.view.AccessibilityDelegateCompat$AccessibilityDelegateIcsImpl$1
android.support.v4.view.AccessibilityDelegateCompat$AccessibilityDelegateImpl
android.support.v4.view.AccessibilityDelegateCompat$AccessibilityDelegateStubImpl
android.support.v4.view.AccessibilityDelegateCompatIcs
android.support.v4.view.AccessibilityDelegateCompatIcs$1
android.support.v4.view.AccessibilityDelegateCompatIcs$AccessibilityDelegateBridge
android.support.v4.view.KeyEventCompat:
    25:95:public KeyEventCompat()
    127:127:public static int normalizeMetaState(int)
    131:131:public static boolean metaStateHasModifiers(int,int)
    135:135:public static boolean metaStateHasNoModifiers(int)
android.support.v4.view.KeyEventCompat$BaseKeyEventVersionImpl:
    private static final int META_MODIFIER_MASK
    private static final int META_ALL_MASK
android.support.v4.view.KeyEventCompat$HoneycombKeyEventVersionImpl:
    98:98:public int normalizeMetaState(int)
android.support.v4.view.KeyEventCompat$KeyEventVersionImpl:
    public abstract int normalizeMetaState(int)
android.support.v4.view.KeyEventCompatHoneycomb:
    24:24:KeyEventCompatHoneycomb()
    26:26:public static int normalizeMetaState(int)
android.support.v4.view.MenuCompat
android.support.v4.view.MenuCompat$BaseMenuVersionImpl
android.support.v4.view.MenuCompat$HoneycombMenuVersionImpl